<?xml version="1.0" encoding="UTF-8"?>
<testsuite xmlns:xsi="http://www.w3.org/2001/XMLSchema-instance" xsi:noNamespaceSchemaLocation="https://maven.apache.org/surefire/maven-surefire-plugin/xsd/surefire-test-report-3.0.xsd" version="3.0" name="MainTest" time="0.028" tests="3" errors="0" skipped="0" failures="0">
  <properties>
[...]
</properties>
  <testcase name="testCircleFlow" classname="MainTest" time="0.014">
    <system-out><![CDATA[1. Circle
2. Rectangle
Choose a shape (1-2): Enter radius: Shape: Circle
Area: 78.53981633974483
Perimeter: 31.41592653589793
]]></system-out>
  </testcase>
  <testcase name="testRectangleFlow" classname="MainTest" time="0.007">
    <system-out><![CDATA[1. Circle
2. Rectangle
Choose a shape (1-2): Enter length: Enter width: Shape: Rectangle
Area: 24.0
Perimeter: 20.0
]]></system-out>
  </testcase>
  <testcase name="testInvalidChoice" classname="MainTest" time="0.003">
    <system-out><![CDATA[1. Circle
2. Rectangle
Choose a shape (1-2): Invalid choice!
]]></system-out>
  </testcase>
</testsuite>